[debug] [2022-07-08T19:26:33.316Z] ----------------------------------------------------------------------
[debug] [2022-07-08T19:26:33.318Z] Command:       C:\Program Files\nodejs\node.exe C:\Program Files\nodejs\node_modules\firebase-tools\lib\bin\firebase.js init
[debug] [2022-07-08T19:26:33.318Z] CLI Version:   11.2.1
[debug] [2022-07-08T19:26:33.318Z] Platform:      win32
[debug] [2022-07-08T19:26:33.318Z] Node Version:  v14.19.0
[debug] [2022-07-08T19:26:33.319Z] Time:          Sat Jul 09 2022 00:56:33 GMT+0530 (India Standard Time)
[debug] [2022-07-08T19:26:33.319Z] ----------------------------------------------------------------------
[debug] 
[debug] [2022-07-08T19:26:33.324Z] > command requires scopes: ["email","openid","https://www.googleapis.com/auth/cloudplatformprojects.readonly","https://www.googleapis.com/auth/firebase","https://www.googleapis.com/auth/cloud-platform"]
[debug] [2022-07-08T19:26:33.324Z] > authorizing via signed-in user (tusa2334@gmail.com)
[info] 
     ######## #### ########  ######## ########     ###     ######  ########
     ##        ##  ##     ## ##       ##     ##  ##   ##  ##       ##
     ######    ##  ########  ######   ########  #########  ######  ######
     ##        ##  ##    ##  ##       ##     ## ##     ##       ## ##
     ##       #### ##     ## ######## ########  ##     ##  ######  ########

You're about to initialize a Firebase project in this directory:

  D:\Dev\React\myapp

[info] 
=== Project Setup
[info] 
[info] First, let's associate this project directory with a Firebase project.
[info] You can create multiple project aliases by running firebase use --add, 
[info] but for now we'll just set up a default project.
[info] 
[debug] [2022-07-08T19:29:10.195Z] >>> [apiv2][query] GET https://firebase.googleapis.com/v1beta1/projects pageSize=100
[debug] [2022-07-08T19:29:11.698Z] <<< [apiv2][status] GET https://firebase.googleapis.com/v1beta1/projects 200
[debug] [2022-07-08T19:29:11.698Z] <<< [apiv2][body] GET https://firebase.googleapis.com/v1beta1/projects [omitted]
[info] i  Using project financial-calculator-3d8ae (financial-calculator) 
[info] 
=== Hosting Setup
[info] 
[info] Your public directory is the folder (relative to your project directory) that
[info] will contain Hosting assets to be uploaded with firebase deploy. If you
[info] have a build process for your assets, use your build's output directory.
[info] 
